<?xml version="1.0" encoding="UTF-8"?>
<!-- Generated by org.testng.reporters.JUnitReportReporter -->
<testsuite hostname="DESKTOP-MPCJN7K" failures="0" tests="3" name="com.qa.opencart.tests.ProductsInfoPageTest" time="22.902" errors="0" timestamp="25 Jun 2021 10:32:47 GMT" skipped="0">
  <testcase classname="com.qa.opencart.tests.ProductsInfoPageTest" name="productImageTest" time="7.479"/>
  <testcase classname="com.qa.opencart.tests.ProductsInfoPageTest" name="productInfoHeaderTest" time="8.246"/>
  <testcase classname="com.qa.opencart.tests.ProductsInfoPageTest" name="productInfoTest" time="7.177"/>
</testsuite> <!-- com.qa.opencart.tests.ProductsInfoPageTest -->
